<?xml version="1.0" encoding="UTF-8"?>
<!-- Generated by org.testng.reporters.JUnitXMLReporter -->
<testsuite hostname="LENOVO" ignored="0" name="TestNGTest1" tests="5" failures="0" timestamp="28 May 2019 23:11:46 GMT" time="146.496" errors="0">
  <testcase name="CreateServiceTest" time="16.009" classname="com.testCases.TP_TC_072"/>
  <testcase name="CreateNeedTest" time="15.066" classname="com.testCases.TP_TC_073"/>
  <testcase name="SelectCategory" time="7.716" classname="com.testCases.TP_TC_074"/>
  <testcase name="SelCatNegative" time="10.007" classname="com.testCases.TP_TC_075"/>
  <testcase name="SubCatAll" time="49.639" classname="com.testCases.TP_TC_076"/>
</testsuite> <!-- TestNGTest1 -->
