<?xml version="1.0" encoding="UTF-8"?>
<testng-results skipped="0" failed="0" ignored="0" total="1" passed="1">
  <reporter-output>
  </reporter-output>
  <suite name="Default suite" duration-ms="38926" started-at="2019-05-27T23:31:42Z" finished-at="2019-05-27T23:32:21Z">
    <groups>
    </groups>
    <test name="Default test" duration-ms="38926" started-at="2019-05-27T23:31:42Z" finished-at="2019-05-27T23:32:21Z">
      <class name="com.testCases.TP_TC_072">
        <test-method status="PASS" signature="setup()[pri:0, instance:com.testCases.TP_TC_072@57baeedf]" name="setup" is-config="true" duration-ms="11203" started-at="2019-05-27T23:31:42Z" finished-at="2019-05-27T23:31:53Z">
          <reporter-output>
          </reporter-output>
        </test-method> <!-- setup -->
        <test-method status="PASS" signature="CreateServiceTest()[pri:0, instance:com.testCases.TP_TC_072@57baeedf]" name="CreateServiceTest" duration-ms="26994" started-at="2019-05-27T23:31:53Z" finished-at="2019-05-27T23:32:20Z">
          <reporter-output>
          </reporter-output>
        </test-method> <!-- CreateServiceTest -->
        <test-method status="PASS" signature="tearDown()[pri:0, instance:com.testCases.TP_TC_072@57baeedf]" name="tearDown" is-config="true" duration-ms="692" started-at="2019-05-27T23:32:20Z" finished-at="2019-05-27T23:32:21Z">
          <reporter-output>
          </reporter-output>
        </test-method> <!-- tearDown -->
      </class> <!-- com.testCases.TP_TC_072 -->
    </test> <!-- Default test -->
  </suite> <!-- Default suite -->
</testng-results>
